{
  "RSpec": {
    "coverage": {
      "/Users/matthew/workspace/gotta_go/gotta_go_rails/app/helpers/activities_helper.rb": [
        1,
        null
      ],
      "/Users/matthew/workspace/gotta_go/gotta_go_rails/app/helpers/application_helper.rb": [
        1,
        null
      ],
      "/Users/matthew/workspace/gotta_go/gotta_go_rails/app/helpers/restrooms_helper.rb": [
        1,
        null
      ],
      "/Users/matthew/workspace/gotta_go/gotta_go_rails/app/helpers/sensors_helper.rb": [
        1,
        null
      ],
      "/Users/matthew/workspace/gotta_go/gotta_go_rails/app/models/restroom.rb": [
        1,
        1,
        null,
        1,
        null,
        1,
        0,
        0,
        null,
        0,
        null,
        null,
        null,
        1,
        0,
        null,
        null,
        1,
        0,
        null,
        null
      ],
      "/Users/matthew/workspace/gotta_go/gotta_go_rails/app/models/sensor.rb": [
        1,
        1,
        1,
        null,
        1,
        1,
        1,
        1,
        null,
        1,
        null
      ]
    },
    "timestamp": 1392174392
  }
}
